<html>
<head>
<title>TestNG:  Default test</title>
<link href="../testng.css" rel="stylesheet" type="text/css" />
<link href="../my-testng.css" rel="stylesheet" type="text/css" />

<style type="text/css">
.log { display: none;} 
.stack-trace { display: none;} 
</style>
<script type="text/javascript">
<!--
function flip(e) {
  current = e.style.display;
  if (current == 'block') {
    e.style.display = 'none';
    return 0;
  }
  else {
    e.style.display = 'block';
    return 1;
  }
}

function toggleBox(szDivId, elem, msg1, msg2)
{
  var res = -1;  if (document.getElementById) {
    res = flip(document.getElementById(szDivId));
  }
  else if (document.all) {
    // this is the way old msie versions work
    res = flip(document.all[szDivId]);
  }
  if(elem) {
    if(res == 0) elem.innerHTML = msg1; else elem.innerHTML = msg2;
  }

}

function toggleAllBoxes() {
  if (document.getElementsByTagName) {
    d = document.getElementsByTagName('div');
    for (i = 0; i < d.length; i++) {
      if (d[i].className == 'log') {
        flip(d[i]);
      }
    }
  }
}

// -->
</script>

</head>
<body>
<h2 align='center'>Default test</h2><table border='1' align="center">
<tr>
<td>Tests passed/Failed/Skipped:</td><td>0/0/2</td>
</tr><tr>
<td>Started on:</td><td>Fri Aug 02 14:44:21 IST 2019</td>
</tr>
<tr><td>Total time:</td><td>21 seconds (21188 ms)</td>
</tr><tr>
<td>Included groups:</td><td></td>
</tr><tr>
<td>Excluded groups:</td><td></td>
</tr>
</table><p/>
<small><i>(Hover the method name to see the test class name)</i></small><p/>
<table width='100%' border='1' class='invocation-failed'>
<tr><td colspan='4' align='center'><b>FAILED CONFIGURATIONS</b></td></tr>
<tr><td><b>Test method</b></td>
<td width="30%"><b>Exception</b></td>
<td width="10%"><b>Time (seconds)</b></td>
<td><b>Instance</b></td>
</tr>
<tr>
<td title='VW_TC.TC0000_Debug_Testing.applicationLaunch()'><b>applicationLaunch</b><br>Test class: VW_TC.TC0000_Debug_Testing</td>
<td><div><pre>org.openqa.selenium.SessionNotCreatedException: session not created
from chrome not reachable
  (Session info: chrome=75.0.3770.142)
Build info: version: &apos;3.14.0&apos;, revision: &apos;aacccce0&apos;, time: &apos;2018-08-02T20:19:58.91Z&apos;
System info: host: &apos;REM-L-SINGHH&apos;, ip: &apos;10.12.60.24&apos;, os.name: &apos;Windows 10&apos;, os.arch: &apos;amd64&apos;, os.version: &apos;10.0&apos;, java.version: &apos;1.8.0_171&apos;
Driver info: driver.version: ChromeDriver
remote stacktrace: Backtrace:
	Ordinal0 [0x01431B23+1448739]
	Ordinal0 [0x013B5A11+940561]
	Ordinal0 [0x0134213C+467260]
	Ordinal0 [0x0133BB2E+441134]
	Ordinal0 [0x0133C1C8+442824]
	Ordinal0 [0x0133D275+447093]
	Ordinal0 [0x01339515+431381]
	Ordinal0 [0x01342EF0+470768]
	Ordinal0 [0x012F94CE+169166]
	Ordinal0 [0x012F88ED+166125]
	Ordinal0 [0x012F6FFB+159739]
	Ordinal0 [0x012E09F6+68086]
	Ordinal0 [0x012E1990+72080]
	Ordinal0 [0x012E1929+71977]
	GetHandleVerifier [0x01572E4C+1172140]
	GetHandleVerifier [0x014CFE35+504469]
	GetHandleVerifier [0x014CFBD0+503856]
	Ordinal0 [0x0143C9A8+1493416]
	GetHandleVerifier [0x014D060A+506474]
	Ordinal0 [0x013C7136+1012022]
	Ordinal0 [0x013C6FAF+1011631]
	Ordinal0 [0x013D133B+1053499]
	Ordinal0 [0x013D14A3+1053859]
	Ordinal0 [0x013D04D5+1049813]
	BaseThreadInitThunk [0x76BA62C4+36]
	RtlSubscribeWnfStateChangeNotification [0x76F10FA9+1081]
	RtlSubscribeWnfStateChangeNotification [0x76F10F74+1028]

	at sun.reflect.NativeConstructorAccessorImpl.newInstance0(Native Method)
	at sun.reflect.NativeConstructorAccessorImpl.newInstance(Unknown Source)
	at sun.reflect.DelegatingConstructorAccessorImpl.newInstance(Unknown Source)
	at java.lang.reflect.Constructor.newInstance(Unknown Source)
	at org.openqa.selenium.remote.W3CHandshakeResponse.lambda$new$0(W3CHandshakeResponse.java:57)
	at org.openqa.selenium.remote.W3CHandshakeResponse.lambda$getResponseFunction$2(W3CHandshakeResponse.java:104)
	at org.openqa.selenium.remote.ProtocolHandshake.lambda$createSession$0(ProtocolHandshake.java:122)
	at java.util.stream.ReferencePipeline$3$1.accept(Unknown Source)
	at java.util.Spliterators$ArraySpliterator.tryAdvance(Unknown Source)
	at java.util.stream.ReferencePipeline.forEachWithCancel(Unknown Source)
	at java.util.stream.AbstractPipeline.copyIntoWithCancel(Unknown Source)
	at java.util.stream.AbstractPipeline.copyInto(Unknown Source)
	at java.util.stream.AbstractPipeline.wrapAndCopyInto(Unknown Source)
	at java.util.stream.FindOps$FindOp.evaluateSequential(Unknown Source)
	at java.util.stream.AbstractPipeline.evaluate(Unknown Source)
	at java.util.stream.ReferencePipeline.findFirst(Unknown Source)
	at org.openqa.selenium.remote.ProtocolHandshake.createSession(ProtocolHandshake.java:125)
	at org.openqa.selenium.remote.ProtocolHandshake.createSession(ProtocolHandshake.java:73)
	at org.openqa.selenium.remote.HttpCommandExecutor.execute(HttpCommandExecutor.java:136)
	at org.openqa.selenium.remote.service.DriverCommandExecutor.execute(DriverCommandExecutor.java:83)
	at org.openqa.selenium.remote.RemoteWebDriver.execute(RemoteWebDriver.java:548)
	at org.openqa.selenium.remote.RemoteWebDriver.startSession(RemoteWebDriver.java:212)
	at org.openqa.selenium.remote.RemoteWebDriver.&lt;init&gt;(RemoteWebDriver.java:130)
	at org.openqa.selenium.chrome.ChromeDriver.&lt;init&gt;(ChromeDriver.java:181)
	at org.openqa.selenium.chrome.ChromeDriver.&lt;init&gt;(ChromeDriver.java:168)
	at org.openqa.selenium.chrome.ChromeDriver.&lt;init&gt;(ChromeDriver.java:123)
	at resources.baseProperties.intializeDriver(baseProperties.java:48)
	at VW_TC.TC0005_login_With_Partner_Developer.applicationLaunch(TC0005_login_With_Partner_Developer.java:28)
	at sun.reflect.NativeMethodAccessorImpl.invoke0(Native Method)
	at sun.reflect.NativeMethodAccessorImpl.invoke(Unknown Source)
	at sun.reflect.DelegatingMethodAccessorImpl.invoke(Unknown Source)
	at java.lang.reflect.Method.invoke(Unknown Source)
	at org.testng.internal.MethodInvocationHelper.invokeMethod(MethodInvocationHelper.java:124)
	at org.testng.internal.MethodInvocationHelper.invokeMethodConsideringTimeout(MethodInvocationHelper.java:59)
	at org.testng.internal.Invoker.invokeConfigurationMethod(Invoker.java:458)
	at org.testng.internal.Invoker.invokeConfigurations(Invoker.java:222)
	at org.testng.internal.Invoker.invokeConfigurations(Invoker.java:142)
	at org.testng.TestRunner.beforeRun(TestRunner.java:529)
	at org.testng.TestRunner.run(TestRunner.java:497)
	at org.testng.SuiteRunner.runTest(SuiteRunner.java:455)
	at org.testng.SuiteRunner.runSequentially(SuiteRunner.java:450)
	at org.testng.SuiteRunner.privateRun(SuiteRunner.java:415)
	at org.testng.SuiteRunner.run(SuiteRunner.java:364)
	at org.testng.SuiteRunnerWorker.runSuite(SuiteRunnerWorker.java:52)
	at org.testng.SuiteRunnerWorker.run(SuiteRunnerWorker.java:84)
	at org.testng.TestNG.runSuitesSequentially(TestNG.java:1208)
	at org.testng.TestNG.runSuitesLocally(TestNG.java:1137)
	at org.testng.TestNG.runSuites(TestNG.java:1049)
	at org.testng.TestNG.run(TestNG.java:1017)
	at org.testng.remote.AbstractRemoteTestNG.run(AbstractRemoteTestNG.java:114)
	at org.testng.remote.RemoteTestNG.initAndRun(RemoteTestNG.java:251)
	at org.testng.remote.RemoteTestNG.main(RemoteTestNG.java:77)
</pre></div><a href='#' onClick='toggleBox("stack-trace1170111701", this, "Click to show all stack frames", "Click to hide stack frames")'>Click to show all stack frames</a>
<div class='stack-trace' id='stack-trace1170111701'><pre>org.openqa.selenium.SessionNotCreatedException: session not created
from chrome not reachable
  (Session info: chrome=75.0.3770.142)
Build info: version: &apos;3.14.0&apos;, revision: &apos;aacccce0&apos;, time: &apos;2018-08-02T20:19:58.91Z&apos;
System info: host: &apos;REM-L-SINGHH&apos;, ip: &apos;10.12.60.24&apos;, os.name: &apos;Windows 10&apos;, os.arch: &apos;amd64&apos;, os.version: &apos;10.0&apos;, java.version: &apos;1.8.0_171&apos;
Driver info: driver.version: ChromeDriver
remote stacktrace: Backtrace:
	Ordinal0 [0x01431B23+1448739]
	Ordinal0 [0x013B5A11+940561]
	Ordinal0 [0x0134213C+467260]
	Ordinal0 [0x0133BB2E+441134]
	Ordinal0 [0x0133C1C8+442824]
	Ordinal0 [0x0133D275+447093]
	Ordinal0 [0x01339515+431381]
	Ordinal0 [0x01342EF0+470768]
	Ordinal0 [0x012F94CE+169166]
	Ordinal0 [0x012F88ED+166125]
	Ordinal0 [0x012F6FFB+159739]
	Ordinal0 [0x012E09F6+68086]
	Ordinal0 [0x012E1990+72080]
	Ordinal0 [0x012E1929+71977]
	GetHandleVerifier [0x01572E4C+1172140]
	GetHandleVerifier [0x014CFE35+504469]
	GetHandleVerifier [0x014CFBD0+503856]
	Ordinal0 [0x0143C9A8+1493416]
	GetHandleVerifier [0x014D060A+506474]
	Ordinal0 [0x013C7136+1012022]
	Ordinal0 [0x013C6FAF+1011631]
	Ordinal0 [0x013D133B+1053499]
	Ordinal0 [0x013D14A3+1053859]
	Ordinal0 [0x013D04D5+1049813]
	BaseThreadInitThunk [0x76BA62C4+36]
	RtlSubscribeWnfStateChangeNotification [0x76F10FA9+1081]
	RtlSubscribeWnfStateChangeNotification [0x76F10F74+1028]

	at sun.reflect.NativeConstructorAccessorImpl.newInstance0(Native Method)
	at sun.reflect.NativeConstructorAccessorImpl.newInstance(Unknown Source)
	at sun.reflect.DelegatingConstructorAccessorImpl.newInstance(Unknown Source)
	at java.lang.reflect.Constructor.newInstance(Unknown Source)
	at org.openqa.selenium.remote.W3CHandshakeResponse.lambda$new$0(W3CHandshakeResponse.java:57)
	at org.openqa.selenium.remote.W3CHandshakeResponse.lambda$getResponseFunction$2(W3CHandshakeResponse.java:104)
	at org.openqa.selenium.remote.ProtocolHandshake.lambda$createSession$0(ProtocolHandshake.java:122)
	at java.util.stream.ReferencePipeline$3$1.accept(Unknown Source)
	at java.util.Spliterators$ArraySpliterator.tryAdvance(Unknown Source)
	at java.util.stream.ReferencePipeline.forEachWithCancel(Unknown Source)
	at java.util.stream.AbstractPipeline.copyIntoWithCancel(Unknown Source)
	at java.util.stream.AbstractPipeline.copyInto(Unknown Source)
	at java.util.stream.AbstractPipeline.wrapAndCopyInto(Unknown Source)
	at java.util.stream.FindOps$FindOp.evaluateSequential(Unknown Source)
	at java.util.stream.AbstractPipeline.evaluate(Unknown Source)
	at java.util.stream.ReferencePipeline.findFirst(Unknown Source)
	at org.openqa.selenium.remote.ProtocolHandshake.createSession(ProtocolHandshake.java:125)
	at org.openqa.selenium.remote.ProtocolHandshake.createSession(ProtocolHandshake.java:73)
	at org.openqa.selenium.remote.HttpCommandExecutor.execute(HttpCommandExecutor.java:136)
	at org.openqa.selenium.remote.service.DriverCommandExecutor.execute(DriverCommandExecutor.java:83)
	at org.openqa.selenium.remote.RemoteWebDriver.execute(RemoteWebDriver.java:548)
	at org.openqa.selenium.remote.RemoteWebDriver.startSession(RemoteWebDriver.java:212)
	at org.openqa.selenium.remote.RemoteWebDriver.&lt;init&gt;(RemoteWebDriver.java:130)
	at org.openqa.selenium.chrome.ChromeDriver.&lt;init&gt;(ChromeDriver.java:181)
	at org.openqa.selenium.chrome.ChromeDriver.&lt;init&gt;(ChromeDriver.java:168)
	at org.openqa.selenium.chrome.ChromeDriver.&lt;init&gt;(ChromeDriver.java:123)
	at resources.baseProperties.intializeDriver(baseProperties.java:48)
	at VW_TC.TC0005_login_With_Partner_Developer.applicationLaunch(TC0005_login_With_Partner_Developer.java:28)
	at sun.reflect.NativeMethodAccessorImpl.invoke0(Native Method)
	at sun.reflect.NativeMethodAccessorImpl.invoke(Unknown Source)
	at sun.reflect.DelegatingMethodAccessorImpl.invoke(Unknown Source)
	at java.lang.reflect.Method.invoke(Unknown Source)
	at org.testng.internal.MethodInvocationHelper.invokeMethod(MethodInvocationHelper.java:124)
	at org.testng.internal.MethodInvocationHelper.invokeMethodConsideringTimeout(MethodInvocationHelper.java:59)
	at org.testng.internal.Invoker.invokeConfigurationMethod(Invoker.java:458)
	at org.testng.internal.Invoker.invokeConfigurations(Invoker.java:222)
	at org.testng.internal.Invoker.invokeConfigurations(Invoker.java:142)
	at org.testng.TestRunner.beforeRun(TestRunner.java:529)
	at org.testng.TestRunner.run(TestRunner.java:497)
	at org.testng.SuiteRunner.runTest(SuiteRunner.java:455)
	at org.testng.SuiteRunner.runSequentially(SuiteRunner.java:450)
	at org.testng.SuiteRunner.privateRun(SuiteRunner.java:415)
	at org.testng.SuiteRunner.run(SuiteRunner.java:364)
	at org.testng.SuiteRunnerWorker.runSuite(SuiteRunnerWorker.java:52)
	at org.testng.SuiteRunnerWorker.run(SuiteRunnerWorker.java:84)
	at org.testng.TestNG.runSuitesSequentially(TestNG.java:1208)
	at org.testng.TestNG.runSuitesLocally(TestNG.java:1137)
	at org.testng.TestNG.runSuites(TestNG.java:1049)
	at org.testng.TestNG.run(TestNG.java:1017)
	at org.testng.remote.AbstractRemoteTestNG.run(AbstractRemoteTestNG.java:114)
	at org.testng.remote.RemoteTestNG.initAndRun(RemoteTestNG.java:251)
	at org.testng.remote.RemoteTestNG.main(RemoteTestNG.java:77)
</pre></div></td>
<td>7</td>
<td>VW_TC.TC0005_login_With_Partner_Developer@3cd3e762</td></tr>
</table><p>
<table width='100%' border='1' class='invocation-skipped'>
<tr><td colspan='4' align='center'><b>SKIPPED CONFIGURATIONS</b></td></tr>
<tr><td><b>Test method</b></td>
<td width="30%"><b>Exception</b></td>
<td width="10%"><b>Time (seconds)</b></td>
<td><b>Instance</b></td>
</tr>
<tr>
<td title='VW_TC.TC0000_Debug_Testing.applicationLaunch()'><b>applicationLaunch</b><br>Test class: VW_TC.TC0000_Debug_Testing</td>
<td></td>
<td>0</td>
<td>VW_TC.TC0006_login_With_Partner_Enhanced_User@74e52ef6</td></tr>
<tr>
<td title='VW_TC.TC0000_Debug_Testing.applicationLaunch()'><b>applicationLaunch</b><br>Test class: VW_TC.TC0000_Debug_Testing</td>
<td></td>
<td>0</td>
<td>VW_TC.TC0007_login_With_Partner_User@3eb738bb</td></tr>
<tr>
<td title='VW_TC.TC0000_Debug_Testing.applicationLaunch()'><b>applicationLaunch</b><br>Test class: VW_TC.TC0000_Debug_Testing</td>
<td></td>
<td>0</td>
<td>VW_TC.TC0008_login_With_Client_OR_Partner_Client_Custmer_Admin@1fa121e2</td></tr>
<tr>
<td title='VW_TC.TC0000_Debug_Testing.applicationLaunch()'><b>applicationLaunch</b><br>Test class: VW_TC.TC0000_Debug_Testing</td>
<td></td>
<td>0</td>
<td>VW_TC.TC0009_login_With_Client_OR_Partner_Client_Developer@7eac9008</td></tr>
<tr>
<td title='VW_TC.TC0000_Debug_Testing.applicationLaunch()'><b>applicationLaunch</b><br>Test class: VW_TC.TC0000_Debug_Testing</td>
<td></td>
<td>0</td>
<td>VW_TC.TC0010_login_With_Client_OR_Partner_Client_Enhanced_User@4116aac9</td></tr>
<tr>
<td title='VW_TC.TC0000_Debug_Testing.applicationLaunch()'><b>applicationLaunch</b><br>Test class: VW_TC.TC0000_Debug_Testing</td>
<td></td>
<td>0</td>
<td>VW_TC.TC0011_login_With_Client_OR_Partner_Client_User@62ddbd7e</td></tr>
<tr>
<td title='VW_TC.TC0000_Debug_Testing.initializer()'><b>initializer</b><br>Test class: VW_TC.TC0000_Debug_Testing</td>
<td></td>
<td>0</td>
<td>VW_TC.TC0012_Dashboard@6f03482</td></tr>
<tr>
<td title='VW_TC.TC0000_Debug_Testing.navigateToAllLinks()'><b>navigateToAllLinks</b><br>Test class: VW_TC.TC0000_Debug_Testing</td>
<td></td>
<td>0</td>
<td>VW_TC.linktest@6ed3ccb2</td></tr>
<tr>
<td title='VW_TC.TC0000_Debug_Testing.navigateToAllLinks()'><b>navigateToAllLinks</b><br>Test class: VW_TC.TC0000_Debug_Testing</td>
<td></td>
<td>0</td>
<td>VW_TC.location@1e800aaa</td></tr>
<tr>
<td title='VW_TC.TC0000_Debug_Testing.applicationClose()'><b>applicationClose</b><br>Test class: VW_TC.TC0000_Debug_Testing</td>
<td></td>
<td>0</td>
<td>VW_TC.TC0000_Debug_Testing@185a6e9</td></tr>
<tr>
<td title='VW_TC.TC0000_Debug_Testing.applicationClose()'><b>applicationClose</b><br>Test class: VW_TC.TC0000_Debug_Testing</td>
<td></td>
<td>0</td>
<td>VW_TC.TC0000_Debug_Testing1@5bda8e08</td></tr>
<tr>
<td title='VW_TC.TC0000_Debug_Testing.applicationClose()'><b>applicationClose</b><br>Test class: VW_TC.TC0000_Debug_Testing</td>
<td></td>
<td>0</td>
<td>VW_TC.TC0001_login_Page_Verification@1a677343</td></tr>
<tr>
<td title='VW_TC.TC0000_Debug_Testing.applicationClose()'><b>applicationClose</b><br>Test class: VW_TC.TC0000_Debug_Testing</td>
<td></td>
<td>0</td>
<td>VW_TC.TC0002_login_With_Exmpirix_Admin@3b0090a4</td></tr>
<tr>
<td title='VW_TC.TC0000_Debug_Testing.applicationClose()'><b>applicationClose</b><br>Test class: VW_TC.TC0000_Debug_Testing</td>
<td></td>
<td>0</td>
<td>VW_TC.TC0003_login_With_Empirix_Business_Analyst@179ece50</td></tr>
<tr>
<td title='VW_TC.TC0000_Debug_Testing.applicationClose()'><b>applicationClose</b><br>Test class: VW_TC.TC0000_Debug_Testing</td>
<td></td>
<td>0</td>
<td>VW_TC.TC0004_login_With_Partner_Customer_Admin@9d5509a</td></tr>
<tr>
<td title='VW_TC.TC0000_Debug_Testing.applicationClose()'><b>applicationClose</b><br>Test class: VW_TC.TC0000_Debug_Testing</td>
<td></td>
<td>0</td>
<td>VW_TC.TC0005_login_With_Partner_Developer@3cd3e762</td></tr>
<tr>
<td title='VW_TC.TC0000_Debug_Testing.applicationClose()'><b>applicationClose</b><br>Test class: VW_TC.TC0000_Debug_Testing</td>
<td></td>
<td>0</td>
<td>VW_TC.TC0006_login_With_Partner_Enhanced_User@74e52ef6</td></tr>
<tr>
<td title='VW_TC.TC0000_Debug_Testing.applicationClose()'><b>applicationClose</b><br>Test class: VW_TC.TC0000_Debug_Testing</td>
<td></td>
<td>0</td>
<td>VW_TC.TC0007_login_With_Partner_User@3eb738bb</td></tr>
<tr>
<td title='VW_TC.TC0000_Debug_Testing.applicationClose()'><b>applicationClose</b><br>Test class: VW_TC.TC0000_Debug_Testing</td>
<td></td>
<td>0</td>
<td>VW_TC.TC0008_login_With_Client_OR_Partner_Client_Custmer_Admin@1fa121e2</td></tr>
<tr>
<td title='VW_TC.TC0000_Debug_Testing.applicationClose()'><b>applicationClose</b><br>Test class: VW_TC.TC0000_Debug_Testing</td>
<td></td>
<td>0</td>
<td>VW_TC.TC0009_login_With_Client_OR_Partner_Client_Developer@7eac9008</td></tr>
<tr>
<td title='VW_TC.TC0000_Debug_Testing.applicationClose()'><b>applicationClose</b><br>Test class: VW_TC.TC0000_Debug_Testing</td>
<td></td>
<td>0</td>
<td>VW_TC.TC0010_login_With_Client_OR_Partner_Client_Enhanced_User@4116aac9</td></tr>
<tr>
<td title='VW_TC.TC0000_Debug_Testing.applicationClose()'><b>applicationClose</b><br>Test class: VW_TC.TC0000_Debug_Testing</td>
<td></td>
<td>0</td>
<td>VW_TC.TC0011_login_With_Client_OR_Partner_Client_User@62ddbd7e</td></tr>
</table><p>
<table width='100%' border='1' class='invocation-skipped'>
<tr><td colspan='4' align='center'><b>SKIPPED TESTS</b></td></tr>
<tr><td><b>Test method</b></td>
<td width="30%"><b>Exception</b></td>
<td width="10%"><b>Time (seconds)</b></td>
<td><b>Instance</b></td>
</tr>
<tr>
<td title='VW_TC.TC0012_Dashboard.basePageLoginValidation()'><b>basePageLoginValidation</b><br>Test class: VW_TC.TC0012_Dashboard</td>
<td><div><pre>org.openqa.selenium.SessionNotCreatedException: session not created
from chrome not reachable
  (Session info: chrome=75.0.3770.142)
Build info: version: &apos;3.14.0&apos;, revision: &apos;aacccce0&apos;, time: &apos;2018-08-02T20:19:58.91Z&apos;
System info: host: &apos;REM-L-SINGHH&apos;, ip: &apos;10.12.60.24&apos;, os.name: &apos;Windows 10&apos;, os.arch: &apos;amd64&apos;, os.version: &apos;10.0&apos;, java.version: &apos;1.8.0_171&apos;
Driver info: driver.version: ChromeDriver
remote stacktrace: Backtrace:
	Ordinal0 [0x01431B23+1448739]
	Ordinal0 [0x013B5A11+940561]
	Ordinal0 [0x0134213C+467260]
	Ordinal0 [0x0133BB2E+441134]
	Ordinal0 [0x0133C1C8+442824]
	Ordinal0 [0x0133D275+447093]
	Ordinal0 [0x01339515+431381]
	Ordinal0 [0x01342EF0+470768]
	Ordinal0 [0x012F94CE+169166]
	Ordinal0 [0x012F88ED+166125]
	Ordinal0 [0x012F6FFB+159739]
	Ordinal0 [0x012E09F6+68086]
	Ordinal0 [0x012E1990+72080]
	Ordinal0 [0x012E1929+71977]
	GetHandleVerifier [0x01572E4C+1172140]
	GetHandleVerifier [0x014CFE35+504469]
	GetHandleVerifier [0x014CFBD0+503856]
	Ordinal0 [0x0143C9A8+1493416]
	GetHandleVerifier [0x014D060A+506474]
	Ordinal0 [0x013C7136+1012022]
	Ordinal0 [0x013C6FAF+1011631]
	Ordinal0 [0x013D133B+1053499]
	Ordinal0 [0x013D14A3+1053859]
	Ordinal0 [0x013D04D5+1049813]
	BaseThreadInitThunk [0x76BA62C4+36]
	RtlSubscribeWnfStateChangeNotification [0x76F10FA9+1081]
	RtlSubscribeWnfStateChangeNotification [0x76F10F74+1028]

	at sun.reflect.NativeConstructorAccessorImpl.newInstance0(Native Method)
	at sun.reflect.NativeConstructorAccessorImpl.newInstance(Unknown Source)
	at sun.reflect.DelegatingConstructorAccessorImpl.newInstance(Unknown Source)
	at java.lang.reflect.Constructor.newInstance(Unknown Source)
	at org.openqa.selenium.remote.W3CHandshakeResponse.lambda$new$0(W3CHandshakeResponse.java:57)
	at org.openqa.selenium.remote.W3CHandshakeResponse.lambda$getResponseFunction$2(W3CHandshakeResponse.java:104)
	at org.openqa.selenium.remote.ProtocolHandshake.lambda$createSession$0(ProtocolHandshake.java:122)
	at java.util.stream.ReferencePipeline$3$1.accept(Unknown Source)
	at java.util.Spliterators$ArraySpliterator.tryAdvance(Unknown Source)
	at java.util.stream.ReferencePipeline.forEachWithCancel(Unknown Source)
	at java.util.stream.AbstractPipeline.copyIntoWithCancel(Unknown Source)
	at java.util.stream.AbstractPipeline.copyInto(Unknown Source)
	at java.util.stream.AbstractPipeline.wrapAndCopyInto(Unknown Source)
	at java.util.stream.FindOps$FindOp.evaluateSequential(Unknown Source)
	at java.util.stream.AbstractPipeline.evaluate(Unknown Source)
	at java.util.stream.ReferencePipeline.findFirst(Unknown Source)
	at org.openqa.selenium.remote.ProtocolHandshake.createSession(ProtocolHandshake.java:125)
	at org.openqa.selenium.remote.ProtocolHandshake.createSession(ProtocolHandshake.java:73)
	at org.openqa.selenium.remote.HttpCommandExecutor.execute(HttpCommandExecutor.java:136)
	at org.openqa.selenium.remote.service.DriverCommandExecutor.execute(DriverCommandExecutor.java:83)
	at org.openqa.selenium.remote.RemoteWebDriver.execute(RemoteWebDriver.java:548)
	at org.openqa.selenium.remote.RemoteWebDriver.startSession(RemoteWebDriver.java:212)
	at org.openqa.selenium.remote.RemoteWebDriver.&lt;init&gt;(RemoteWebDriver.java:130)
	at org.openqa.selenium.chrome.ChromeDriver.&lt;init&gt;(ChromeDriver.java:181)
	at org.openqa.selenium.chrome.ChromeDriver.&lt;init&gt;(ChromeDriver.java:168)
	at org.openqa.selenium.chrome.ChromeDriver.&lt;init&gt;(ChromeDriver.java:123)
	at resources.baseProperties.intializeDriver(baseProperties.java:48)
	at VW_TC.TC0005_login_With_Partner_Developer.applicationLaunch(TC0005_login_With_Partner_Developer.java:28)
	at sun.reflect.NativeMethodAccessorImpl.invoke0(Native Method)
	at sun.reflect.NativeMethodAccessorImpl.invoke(Unknown Source)
	at sun.reflect.DelegatingMethodAccessorImpl.invoke(Unknown Source)
	at java.lang.reflect.Method.invoke(Unknown Source)
	at org.testng.internal.MethodInvocationHelper.invokeMethod(MethodInvocationHelper.java:124)
	at org.testng.internal.MethodInvocationHelper.invokeMethodConsideringTimeout(MethodInvocationHelper.java:59)
	at org.testng.internal.Invoker.invokeConfigurationMethod(Invoker.java:458)
	at org.testng.internal.Invoker.invokeConfigurations(Invoker.java:222)
	at org.testng.internal.Invoker.invokeConfigurations(Invoker.java:142)
	at org.testng.TestRunner.beforeRun(TestRunner.java:529)
	at org.testng.TestRunner.run(TestRunner.java:497)
	at org.testng.SuiteRunner.runTest(SuiteRunner.java:455)
	at org.testng.SuiteRunner.runSequentially(SuiteRunner.java:450)
	at org.testng.SuiteRunner.privateRun(SuiteRunner.java:415)
	at org.testng.SuiteRunner.run(SuiteRunner.java:364)
	at org.testng.SuiteRunnerWorker.runSuite(SuiteRunnerWorker.java:52)
	at org.testng.SuiteRunnerWorker.run(SuiteRunnerWorker.java:84)
	at org.testng.TestNG.runSuitesSequentially(TestNG.java:1208)
	at org.testng.TestNG.runSuitesLocally(TestNG.java:1137)
	at org.testng.TestNG.runSuites(TestNG.java:1049)
	at org.testng.TestNG.run(TestNG.java:1017)
	at org.testng.remote.AbstractRemoteTestNG.run(AbstractRemoteTestNG.java:114)
	at org.testng.remote.RemoteTestNG.initAndRun(RemoteTestNG.java:251)
	at org.testng.remote.RemoteTestNG.main(RemoteTestNG.java:77)
</pre></div><a href='#' onClick='toggleBox("stack-trace1651754404", this, "Click to show all stack frames", "Click to hide stack frames")'>Click to show all stack frames</a>
<div class='stack-trace' id='stack-trace1651754404'><pre>org.openqa.selenium.SessionNotCreatedException: session not created
from chrome not reachable
  (Session info: chrome=75.0.3770.142)
Build info: version: &apos;3.14.0&apos;, revision: &apos;aacccce0&apos;, time: &apos;2018-08-02T20:19:58.91Z&apos;
System info: host: &apos;REM-L-SINGHH&apos;, ip: &apos;10.12.60.24&apos;, os.name: &apos;Windows 10&apos;, os.arch: &apos;amd64&apos;, os.version: &apos;10.0&apos;, java.version: &apos;1.8.0_171&apos;
Driver info: driver.version: ChromeDriver
remote stacktrace: Backtrace:
	Ordinal0 [0x01431B23+1448739]
	Ordinal0 [0x013B5A11+940561]
	Ordinal0 [0x0134213C+467260]
	Ordinal0 [0x0133BB2E+441134]
	Ordinal0 [0x0133C1C8+442824]
	Ordinal0 [0x0133D275+447093]
	Ordinal0 [0x01339515+431381]
	Ordinal0 [0x01342EF0+470768]
	Ordinal0 [0x012F94CE+169166]
	Ordinal0 [0x012F88ED+166125]
	Ordinal0 [0x012F6FFB+159739]
	Ordinal0 [0x012E09F6+68086]
	Ordinal0 [0x012E1990+72080]
	Ordinal0 [0x012E1929+71977]
	GetHandleVerifier [0x01572E4C+1172140]
	GetHandleVerifier [0x014CFE35+504469]
	GetHandleVerifier [0x014CFBD0+503856]
	Ordinal0 [0x0143C9A8+1493416]
	GetHandleVerifier [0x014D060A+506474]
	Ordinal0 [0x013C7136+1012022]
	Ordinal0 [0x013C6FAF+1011631]
	Ordinal0 [0x013D133B+1053499]
	Ordinal0 [0x013D14A3+1053859]
	Ordinal0 [0x013D04D5+1049813]
	BaseThreadInitThunk [0x76BA62C4+36]
	RtlSubscribeWnfStateChangeNotification [0x76F10FA9+1081]
	RtlSubscribeWnfStateChangeNotification [0x76F10F74+1028]

	at sun.reflect.NativeConstructorAccessorImpl.newInstance0(Native Method)
	at sun.reflect.NativeConstructorAccessorImpl.newInstance(Unknown Source)
	at sun.reflect.DelegatingConstructorAccessorImpl.newInstance(Unknown Source)
	at java.lang.reflect.Constructor.newInstance(Unknown Source)
	at org.openqa.selenium.remote.W3CHandshakeResponse.lambda$new$0(W3CHandshakeResponse.java:57)
	at org.openqa.selenium.remote.W3CHandshakeResponse.lambda$getResponseFunction$2(W3CHandshakeResponse.java:104)
	at org.openqa.selenium.remote.ProtocolHandshake.lambda$createSession$0(ProtocolHandshake.java:122)
	at java.util.stream.ReferencePipeline$3$1.accept(Unknown Source)
	at java.util.Spliterators$ArraySpliterator.tryAdvance(Unknown Source)
	at java.util.stream.ReferencePipeline.forEachWithCancel(Unknown Source)
	at java.util.stream.AbstractPipeline.copyIntoWithCancel(Unknown Source)
	at java.util.stream.AbstractPipeline.copyInto(Unknown Source)
	at java.util.stream.AbstractPipeline.wrapAndCopyInto(Unknown Source)
	at java.util.stream.FindOps$FindOp.evaluateSequential(Unknown Source)
	at java.util.stream.AbstractPipeline.evaluate(Unknown Source)
	at java.util.stream.ReferencePipeline.findFirst(Unknown Source)
	at org.openqa.selenium.remote.ProtocolHandshake.createSession(ProtocolHandshake.java:125)
	at org.openqa.selenium.remote.ProtocolHandshake.createSession(ProtocolHandshake.java:73)
	at org.openqa.selenium.remote.HttpCommandExecutor.execute(HttpCommandExecutor.java:136)
	at org.openqa.selenium.remote.service.DriverCommandExecutor.execute(DriverCommandExecutor.java:83)
	at org.openqa.selenium.remote.RemoteWebDriver.execute(RemoteWebDriver.java:548)
	at org.openqa.selenium.remote.RemoteWebDriver.startSession(RemoteWebDriver.java:212)
	at org.openqa.selenium.remote.RemoteWebDriver.&lt;init&gt;(RemoteWebDriver.java:130)
	at org.openqa.selenium.chrome.ChromeDriver.&lt;init&gt;(ChromeDriver.java:181)
	at org.openqa.selenium.chrome.ChromeDriver.&lt;init&gt;(ChromeDriver.java:168)
	at org.openqa.selenium.chrome.ChromeDriver.&lt;init&gt;(ChromeDriver.java:123)
	at resources.baseProperties.intializeDriver(baseProperties.java:48)
	at VW_TC.TC0005_login_With_Partner_Developer.applicationLaunch(TC0005_login_With_Partner_Developer.java:28)
	at sun.reflect.NativeMethodAccessorImpl.invoke0(Native Method)
	at sun.reflect.NativeMethodAccessorImpl.invoke(Unknown Source)
	at sun.reflect.DelegatingMethodAccessorImpl.invoke(Unknown Source)
	at java.lang.reflect.Method.invoke(Unknown Source)
	at org.testng.internal.MethodInvocationHelper.invokeMethod(MethodInvocationHelper.java:124)
	at org.testng.internal.MethodInvocationHelper.invokeMethodConsideringTimeout(MethodInvocationHelper.java:59)
	at org.testng.internal.Invoker.invokeConfigurationMethod(Invoker.java:458)
	at org.testng.internal.Invoker.invokeConfigurations(Invoker.java:222)
	at org.testng.internal.Invoker.invokeConfigurations(Invoker.java:142)
	at org.testng.TestRunner.beforeRun(TestRunner.java:529)
	at org.testng.TestRunner.run(TestRunner.java:497)
	at org.testng.SuiteRunner.runTest(SuiteRunner.java:455)
	at org.testng.SuiteRunner.runSequentially(SuiteRunner.java:450)
	at org.testng.SuiteRunner.privateRun(SuiteRunner.java:415)
	at org.testng.SuiteRunner.run(SuiteRunner.java:364)
	at org.testng.SuiteRunnerWorker.runSuite(SuiteRunnerWorker.java:52)
	at org.testng.SuiteRunnerWorker.run(SuiteRunnerWorker.java:84)
	at org.testng.TestNG.runSuitesSequentially(TestNG.java:1208)
	at org.testng.TestNG.runSuitesLocally(TestNG.java:1137)
	at org.testng.TestNG.runSuites(TestNG.java:1049)
	at org.testng.TestNG.run(TestNG.java:1017)
	at org.testng.remote.AbstractRemoteTestNG.run(AbstractRemoteTestNG.java:114)
	at org.testng.remote.RemoteTestNG.initAndRun(RemoteTestNG.java:251)
	at org.testng.remote.RemoteTestNG.main(RemoteTestNG.java:77)
</pre></div></td>
<td>0</td>
<td>VW_TC.TC0012_Dashboard@6f03482</td></tr>
<tr>
<td title='cucumberOptions.TestRunner.feature()'><b>feature</b><br>Test class: cucumberOptions.TestRunner<br>Test method: Runs Cucumber Feature</td>
<td><div><pre>org.openqa.selenium.SessionNotCreatedException: session not created
from chrome not reachable
  (Session info: chrome=75.0.3770.142)
Build info: version: &apos;3.14.0&apos;, revision: &apos;aacccce0&apos;, time: &apos;2018-08-02T20:19:58.91Z&apos;
System info: host: &apos;REM-L-SINGHH&apos;, ip: &apos;10.12.60.24&apos;, os.name: &apos;Windows 10&apos;, os.arch: &apos;amd64&apos;, os.version: &apos;10.0&apos;, java.version: &apos;1.8.0_171&apos;
Driver info: driver.version: ChromeDriver
remote stacktrace: Backtrace:
	Ordinal0 [0x01431B23+1448739]
	Ordinal0 [0x013B5A11+940561]
	Ordinal0 [0x0134213C+467260]
	Ordinal0 [0x0133BB2E+441134]
	Ordinal0 [0x0133C1C8+442824]
	Ordinal0 [0x0133D275+447093]
	Ordinal0 [0x01339515+431381]
	Ordinal0 [0x01342EF0+470768]
	Ordinal0 [0x012F94CE+169166]
	Ordinal0 [0x012F88ED+166125]
	Ordinal0 [0x012F6FFB+159739]
	Ordinal0 [0x012E09F6+68086]
	Ordinal0 [0x012E1990+72080]
	Ordinal0 [0x012E1929+71977]
	GetHandleVerifier [0x01572E4C+1172140]
	GetHandleVerifier [0x014CFE35+504469]
	GetHandleVerifier [0x014CFBD0+503856]
	Ordinal0 [0x0143C9A8+1493416]
	GetHandleVerifier [0x014D060A+506474]
	Ordinal0 [0x013C7136+1012022]
	Ordinal0 [0x013C6FAF+1011631]
	Ordinal0 [0x013D133B+1053499]
	Ordinal0 [0x013D14A3+1053859]
	Ordinal0 [0x013D04D5+1049813]
	BaseThreadInitThunk [0x76BA62C4+36]
	RtlSubscribeWnfStateChangeNotification [0x76F10FA9+1081]
	RtlSubscribeWnfStateChangeNotification [0x76F10F74+1028]

	at sun.reflect.NativeConstructorAccessorImpl.newInstance0(Native Method)
	at sun.reflect.NativeConstructorAccessorImpl.newInstance(Unknown Source)
	at sun.reflect.DelegatingConstructorAccessorImpl.newInstance(Unknown Source)
	at java.lang.reflect.Constructor.newInstance(Unknown Source)
	at org.openqa.selenium.remote.W3CHandshakeResponse.lambda$new$0(W3CHandshakeResponse.java:57)
	at org.openqa.selenium.remote.W3CHandshakeResponse.lambda$getResponseFunction$2(W3CHandshakeResponse.java:104)
	at org.openqa.selenium.remote.ProtocolHandshake.lambda$createSession$0(ProtocolHandshake.java:122)
	at java.util.stream.ReferencePipeline$3$1.accept(Unknown Source)
	at java.util.Spliterators$ArraySpliterator.tryAdvance(Unknown Source)
	at java.util.stream.ReferencePipeline.forEachWithCancel(Unknown Source)
	at java.util.stream.AbstractPipeline.copyIntoWithCancel(Unknown Source)
	at java.util.stream.AbstractPipeline.copyInto(Unknown Source)
	at java.util.stream.AbstractPipeline.wrapAndCopyInto(Unknown Source)
	at java.util.stream.FindOps$FindOp.evaluateSequential(Unknown Source)
	at java.util.stream.AbstractPipeline.evaluate(Unknown Source)
	at java.util.stream.ReferencePipeline.findFirst(Unknown Source)
	at org.openqa.selenium.remote.ProtocolHandshake.createSession(ProtocolHandshake.java:125)
	at org.openqa.selenium.remote.ProtocolHandshake.createSession(ProtocolHandshake.java:73)
	at org.openqa.selenium.remote.HttpCommandExecutor.execute(HttpCommandExecutor.java:136)
	at org.openqa.selenium.remote.service.DriverCommandExecutor.execute(DriverCommandExecutor.java:83)
	at org.openqa.selenium.remote.RemoteWebDriver.execute(RemoteWebDriver.java:548)
	at org.openqa.selenium.remote.RemoteWebDriver.startSession(RemoteWebDriver.java:212)
	at org.openqa.selenium.remote.RemoteWebDriver.&lt;init&gt;(RemoteWebDriver.java:130)
	at org.openqa.selenium.chrome.ChromeDriver.&lt;init&gt;(ChromeDriver.java:181)
	at org.openqa.selenium.chrome.ChromeDriver.&lt;init&gt;(ChromeDriver.java:168)
	at org.openqa.selenium.chrome.ChromeDriver.&lt;init&gt;(ChromeDriver.java:123)
	at resources.baseProperties.intializeDriver(baseProperties.java:48)
	at VW_TC.TC0005_login_With_Partner_Developer.applicationLaunch(TC0005_login_With_Partner_Developer.java:28)
	at sun.reflect.NativeMethodAccessorImpl.invoke0(Native Method)
	at sun.reflect.NativeMethodAccessorImpl.invoke(Unknown Source)
	at sun.reflect.DelegatingMethodAccessorImpl.invoke(Unknown Source)
	at java.lang.reflect.Method.invoke(Unknown Source)
	at org.testng.internal.MethodInvocationHelper.invokeMethod(MethodInvocationHelper.java:124)
	at org.testng.internal.MethodInvocationHelper.invokeMethodConsideringTimeout(MethodInvocationHelper.java:59)
	at org.testng.internal.Invoker.invokeConfigurationMethod(Invoker.java:458)
	at org.testng.internal.Invoker.invokeConfigurations(Invoker.java:222)
	at org.testng.internal.Invoker.invokeConfigurations(Invoker.java:142)
	at org.testng.TestRunner.beforeRun(TestRunner.java:529)
	at org.testng.TestRunner.run(TestRunner.java:497)
	at org.testng.SuiteRunner.runTest(SuiteRunner.java:455)
	at org.testng.SuiteRunner.runSequentially(SuiteRunner.java:450)
	at org.testng.SuiteRunner.privateRun(SuiteRunner.java:415)
	at org.testng.SuiteRunner.run(SuiteRunner.java:364)
	at org.testng.SuiteRunnerWorker.runSuite(SuiteRunnerWorker.java:52)
	at org.testng.SuiteRunnerWorker.run(SuiteRunnerWorker.java:84)
	at org.testng.TestNG.runSuitesSequentially(TestNG.java:1208)
	at org.testng.TestNG.runSuitesLocally(TestNG.java:1137)
	at org.testng.TestNG.runSuites(TestNG.java:1049)
	at org.testng.TestNG.run(TestNG.java:1017)
	at org.testng.remote.AbstractRemoteTestNG.run(AbstractRemoteTestNG.java:114)
	at org.testng.remote.RemoteTestNG.initAndRun(RemoteTestNG.java:251)
	at org.testng.remote.RemoteTestNG.main(RemoteTestNG.java:77)
</pre></div><a href='#' onClick='toggleBox("stack-trace2122991287", this, "Click to show all stack frames", "Click to hide stack frames")'>Click to show all stack frames</a>
<div class='stack-trace' id='stack-trace2122991287'><pre>org.openqa.selenium.SessionNotCreatedException: session not created
from chrome not reachable
  (Session info: chrome=75.0.3770.142)
Build info: version: &apos;3.14.0&apos;, revision: &apos;aacccce0&apos;, time: &apos;2018-08-02T20:19:58.91Z&apos;
System info: host: &apos;REM-L-SINGHH&apos;, ip: &apos;10.12.60.24&apos;, os.name: &apos;Windows 10&apos;, os.arch: &apos;amd64&apos;, os.version: &apos;10.0&apos;, java.version: &apos;1.8.0_171&apos;
Driver info: driver.version: ChromeDriver
remote stacktrace: Backtrace:
	Ordinal0 [0x01431B23+1448739]
	Ordinal0 [0x013B5A11+940561]
	Ordinal0 [0x0134213C+467260]
	Ordinal0 [0x0133BB2E+441134]
	Ordinal0 [0x0133C1C8+442824]
	Ordinal0 [0x0133D275+447093]
	Ordinal0 [0x01339515+431381]
	Ordinal0 [0x01342EF0+470768]
	Ordinal0 [0x012F94CE+169166]
	Ordinal0 [0x012F88ED+166125]
	Ordinal0 [0x012F6FFB+159739]
	Ordinal0 [0x012E09F6+68086]
	Ordinal0 [0x012E1990+72080]
	Ordinal0 [0x012E1929+71977]
	GetHandleVerifier [0x01572E4C+1172140]
	GetHandleVerifier [0x014CFE35+504469]
	GetHandleVerifier [0x014CFBD0+503856]
	Ordinal0 [0x0143C9A8+1493416]
	GetHandleVerifier [0x014D060A+506474]
	Ordinal0 [0x013C7136+1012022]
	Ordinal0 [0x013C6FAF+1011631]
	Ordinal0 [0x013D133B+1053499]
	Ordinal0 [0x013D14A3+1053859]
	Ordinal0 [0x013D04D5+1049813]
	BaseThreadInitThunk [0x76BA62C4+36]
	RtlSubscribeWnfStateChangeNotification [0x76F10FA9+1081]
	RtlSubscribeWnfStateChangeNotification [0x76F10F74+1028]

	at sun.reflect.NativeConstructorAccessorImpl.newInstance0(Native Method)
	at sun.reflect.NativeConstructorAccessorImpl.newInstance(Unknown Source)
	at sun.reflect.DelegatingConstructorAccessorImpl.newInstance(Unknown Source)
	at java.lang.reflect.Constructor.newInstance(Unknown Source)
	at org.openqa.selenium.remote.W3CHandshakeResponse.lambda$new$0(W3CHandshakeResponse.java:57)
	at org.openqa.selenium.remote.W3CHandshakeResponse.lambda$getResponseFunction$2(W3CHandshakeResponse.java:104)
	at org.openqa.selenium.remote.ProtocolHandshake.lambda$createSession$0(ProtocolHandshake.java:122)
	at java.util.stream.ReferencePipeline$3$1.accept(Unknown Source)
	at java.util.Spliterators$ArraySpliterator.tryAdvance(Unknown Source)
	at java.util.stream.ReferencePipeline.forEachWithCancel(Unknown Source)
	at java.util.stream.AbstractPipeline.copyIntoWithCancel(Unknown Source)
	at java.util.stream.AbstractPipeline.copyInto(Unknown Source)
	at java.util.stream.AbstractPipeline.wrapAndCopyInto(Unknown Source)
	at java.util.stream.FindOps$FindOp.evaluateSequential(Unknown Source)
	at java.util.stream.AbstractPipeline.evaluate(Unknown Source)
	at java.util.stream.ReferencePipeline.findFirst(Unknown Source)
	at org.openqa.selenium.remote.ProtocolHandshake.createSession(ProtocolHandshake.java:125)
	at org.openqa.selenium.remote.ProtocolHandshake.createSession(ProtocolHandshake.java:73)
	at org.openqa.selenium.remote.HttpCommandExecutor.execute(HttpCommandExecutor.java:136)
	at org.openqa.selenium.remote.service.DriverCommandExecutor.execute(DriverCommandExecutor.java:83)
	at org.openqa.selenium.remote.RemoteWebDriver.execute(RemoteWebDriver.java:548)
	at org.openqa.selenium.remote.RemoteWebDriver.startSession(RemoteWebDriver.java:212)
	at org.openqa.selenium.remote.RemoteWebDriver.&lt;init&gt;(RemoteWebDriver.java:130)
	at org.openqa.selenium.chrome.ChromeDriver.&lt;init&gt;(ChromeDriver.java:181)
	at org.openqa.selenium.chrome.ChromeDriver.&lt;init&gt;(ChromeDriver.java:168)
	at org.openqa.selenium.chrome.ChromeDriver.&lt;init&gt;(ChromeDriver.java:123)
	at resources.baseProperties.intializeDriver(baseProperties.java:48)
	at VW_TC.TC0005_login_With_Partner_Developer.applicationLaunch(TC0005_login_With_Partner_Developer.java:28)
	at sun.reflect.NativeMethodAccessorImpl.invoke0(Native Method)
	at sun.reflect.NativeMethodAccessorImpl.invoke(Unknown Source)
	at sun.reflect.DelegatingMethodAccessorImpl.invoke(Unknown Source)
	at java.lang.reflect.Method.invoke(Unknown Source)
	at org.testng.internal.MethodInvocationHelper.invokeMethod(MethodInvocationHelper.java:124)
	at org.testng.internal.MethodInvocationHelper.invokeMethodConsideringTimeout(MethodInvocationHelper.java:59)
	at org.testng.internal.Invoker.invokeConfigurationMethod(Invoker.java:458)
	at org.testng.internal.Invoker.invokeConfigurations(Invoker.java:222)
	at org.testng.internal.Invoker.invokeConfigurations(Invoker.java:142)
	at org.testng.TestRunner.beforeRun(TestRunner.java:529)
	at org.testng.TestRunner.run(TestRunner.java:497)
	at org.testng.SuiteRunner.runTest(SuiteRunner.java:455)
	at org.testng.SuiteRunner.runSequentially(SuiteRunner.java:450)
	at org.testng.SuiteRunner.privateRun(SuiteRunner.java:415)
	at org.testng.SuiteRunner.run(SuiteRunner.java:364)
	at org.testng.SuiteRunnerWorker.runSuite(SuiteRunnerWorker.java:52)
	at org.testng.SuiteRunnerWorker.run(SuiteRunnerWorker.java:84)
	at org.testng.TestNG.runSuitesSequentially(TestNG.java:1208)
	at org.testng.TestNG.runSuitesLocally(TestNG.java:1137)
	at org.testng.TestNG.runSuites(TestNG.java:1049)
	at org.testng.TestNG.run(TestNG.java:1017)
	at org.testng.remote.AbstractRemoteTestNG.run(AbstractRemoteTestNG.java:114)
	at org.testng.remote.RemoteTestNG.initAndRun(RemoteTestNG.java:251)
	at org.testng.remote.RemoteTestNG.main(RemoteTestNG.java:77)
</pre></div></td>
<td>0</td>
<td>cucumberOptions.TestRunner@15de0b3c</td></tr>
</table><p>
</body>
</html>