<?xml version="1.0" encoding="UTF-8"?>
<!-- Generated by org.testng.reporters.JUnitXMLReporter -->
<testsuite hostname="REM-L-SINGHH" ignored="0" name="Default test" tests="2" failures="0" timestamp="02 Aug 2019 09:14:42 GMT" time="21.188" errors="0">
  <testcase name="@BeforeTest applicationLaunch" time="7.163" classname="VW_TC.TC0005_login_With_Partner_Developer">
    <failure type="org.openqa.selenium.SessionNotCreatedException" message="session not created
from chrome not reachable
  (Session info: chrome=75.0.3770.142)
Build info: version: &amp;apos;3.14.0&amp;apos;, revision: &amp;apos;aacccce0&amp;apos;, time: &amp;apos;2018-08-02T20:19:58.91Z&amp;apos;
System info: host: &amp;apos;REM-L-SINGHH&amp;apos;, ip: &amp;apos;10.12.60.24&amp;apos;, os.name: &amp;apos;Windows 10&amp;apos;, os.arch: &amp;apos;amd64&amp;apos;, os.version: &amp;apos;10.0&amp;apos;, java.version: &amp;apos;1.8.0_171&amp;apos;
Driver info: driver.version: ChromeDriver
remote stacktrace: Backtrace:
	Ordinal0 [0x01431B23+1448739]
	Ordinal0 [0x013B5A11+940561]
	Ordinal0 [0x0134213C+467260]
	Ordinal0 [0x0133BB2E+441134]
	Ordinal0 [0x0133C1C8+442824]
	Ordinal0 [0x0133D275+447093]
	Ordinal0 [0x01339515+431381]
	Ordinal0 [0x01342EF0+470768]
	Ordinal0 [0x012F94CE+169166]
	Ordinal0 [0x012F88ED+166125]
	Ordinal0 [0x012F6FFB+159739]
	Ordinal0 [0x012E09F6+68086]
	Ordinal0 [0x012E1990+72080]
	Ordinal0 [0x012E1929+71977]
	GetHandleVerifier [0x01572E4C+1172140]
	GetHandleVerifier [0x014CFE35+504469]
	GetHandleVerifier [0x014CFBD0+503856]
	Ordinal0 [0x0143C9A8+1493416]
	GetHandleVerifier [0x014D060A+506474]
	Ordinal0 [0x013C7136+1012022]
	Ordinal0 [0x013C6FAF+1011631]
	Ordinal0 [0x013D133B+1053499]
	Ordinal0 [0x013D14A3+1053859]
	Ordinal0 [0x013D04D5+1049813]
	BaseThreadInitThunk [0x76BA62C4+36]
	RtlSubscribeWnfStateChangeNotification [0x76F10FA9+1081]
	RtlSubscribeWnfStateChangeNotification [0x76F10F74+1028]
">
      <![CDATA[org.openqa.selenium.SessionNotCreatedException: session not created
from chrome not reachable
  (Session info: chrome=75.0.3770.142)
Build info: version: '3.14.0', revision: 'aacccce0', time: '2018-08-02T20:19:58.91Z'
System info: host: 'REM-L-SINGHH', ip: '10.12.60.24', os.name: 'Windows 10', os.arch: 'amd64', os.version: '10.0', java.version: '1.8.0_171'
Driver info: driver.version: ChromeDriver
remote stacktrace: Backtrace:
Ordinal0 [0x01431B23+1448739]
Ordinal0 [0x013B5A11+940561]
Ordinal0 [0x0134213C+467260]
Ordinal0 [0x0133BB2E+441134]
Ordinal0 [0x0133C1C8+442824]
Ordinal0 [0x0133D275+447093]
Ordinal0 [0x01339515+431381]
Ordinal0 [0x01342EF0+470768]
Ordinal0 [0x012F94CE+169166]
Ordinal0 [0x012F88ED+166125]
Ordinal0 [0x012F6FFB+159739]
Ordinal0 [0x012E09F6+68086]
Ordinal0 [0x012E1990+72080]
Ordinal0 [0x012E1929+71977]
GetHandleVerifier [0x01572E4C+1172140]
GetHandleVerifier [0x014CFE35+504469]
GetHandleVerifier [0x014CFBD0+503856]
Ordinal0 [0x0143C9A8+1493416]
GetHandleVerifier [0x014D060A+506474]
Ordinal0 [0x013C7136+1012022]
Ordinal0 [0x013C6FAF+1011631]
Ordinal0 [0x013D133B+1053499]
Ordinal0 [0x013D14A3+1053859]
Ordinal0 [0x013D04D5+1049813]
BaseThreadInitThunk [0x76BA62C4+36]
RtlSubscribeWnfStateChangeNotification [0x76F10FA9+1081]
RtlSubscribeWnfStateChangeNotification [0x76F10F74+1028]

at sun.reflect.NativeConstructorAccessorImpl.newInstance0(Native Method)
at sun.reflect.NativeConstructorAccessorImpl.newInstance(Unknown Source)
at sun.reflect.DelegatingConstructorAccessorImpl.newInstance(Unknown Source)
at java.lang.reflect.Constructor.newInstance(Unknown Source)
at org.openqa.selenium.remote.W3CHandshakeResponse.lambda$new$0(W3CHandshakeResponse.java:57)
at org.openqa.selenium.remote.W3CHandshakeResponse.lambda$getResponseFunction$2(W3CHandshakeResponse.java:104)
at org.openqa.selenium.remote.ProtocolHandshake.lambda$createSession$0(ProtocolHandshake.java:122)
at java.util.stream.ReferencePipeline$3$1.accept(Unknown Source)
at java.util.Spliterators$ArraySpliterator.tryAdvance(Unknown Source)
at java.util.stream.ReferencePipeline.forEachWithCancel(Unknown Source)
at java.util.stream.AbstractPipeline.copyIntoWithCancel(Unknown Source)
at java.util.stream.AbstractPipeline.copyInto(Unknown Source)
at java.util.stream.AbstractPipeline.wrapAndCopyInto(Unknown Source)
at java.util.stream.FindOps$FindOp.evaluateSequential(Unknown Source)
at java.util.stream.AbstractPipeline.evaluate(Unknown Source)
at java.util.stream.ReferencePipeline.findFirst(Unknown Source)
at org.openqa.selenium.remote.ProtocolHandshake.createSession(ProtocolHandshake.java:125)
at org.openqa.selenium.remote.ProtocolHandshake.createSession(ProtocolHandshake.java:73)
at org.openqa.selenium.remote.HttpCommandExecutor.execute(HttpCommandExecutor.java:136)
at org.openqa.selenium.remote.service.DriverCommandExecutor.execute(DriverCommandExecutor.java:83)
at org.openqa.selenium.remote.RemoteWebDriver.execute(RemoteWebDriver.java:548)
at org.openqa.selenium.remote.RemoteWebDriver.startSession(RemoteWebDriver.java:212)
at org.openqa.selenium.remote.RemoteWebDriver.<init>(RemoteWebDriver.java:130)
at org.openqa.selenium.chrome.ChromeDriver.<init>(ChromeDriver.java:181)
at org.openqa.selenium.chrome.ChromeDriver.<init>(ChromeDriver.java:168)
at org.openqa.selenium.chrome.ChromeDriver.<init>(ChromeDriver.java:123)
at resources.baseProperties.intializeDriver(baseProperties.java:48)
at VW_TC.TC0005_login_With_Partner_Developer.applicationLaunch(TC0005_login_With_Partner_Developer.java:28)
at sun.reflect.NativeMethodAccessorImpl.invoke0(Native Method)
at sun.reflect.NativeMethodAccessorImpl.invoke(Unknown Source)
at sun.reflect.DelegatingMethodAccessorImpl.invoke(Unknown Source)
at java.lang.reflect.Method.invoke(Unknown Source)
at org.testng.internal.MethodInvocationHelper.invokeMethod(MethodInvocationHelper.java:124)
at org.testng.internal.MethodInvocationHelper.invokeMethodConsideringTimeout(MethodInvocationHelper.java:59)
at org.testng.internal.Invoker.invokeConfigurationMethod(Invoker.java:458)
at org.testng.internal.Invoker.invokeConfigurations(Invoker.java:222)
at org.testng.internal.Invoker.invokeConfigurations(Invoker.java:142)
at org.testng.TestRunner.beforeRun(TestRunner.java:529)
at org.testng.TestRunner.run(TestRunner.java:497)
at org.testng.SuiteRunner.runTest(SuiteRunner.java:455)
at org.testng.SuiteRunner.runSequentially(SuiteRunner.java:450)
at org.testng.SuiteRunner.privateRun(SuiteRunner.java:415)
at org.testng.SuiteRunner.run(SuiteRunner.java:364)
at org.testng.SuiteRunnerWorker.runSuite(SuiteRunnerWorker.java:52)
at org.testng.SuiteRunnerWorker.run(SuiteRunnerWorker.java:84)
at org.testng.TestNG.runSuitesSequentially(TestNG.java:1208)
at org.testng.TestNG.runSuitesLocally(TestNG.java:1137)
at org.testng.TestNG.runSuites(TestNG.java:1049)
at org.testng.TestNG.run(TestNG.java:1017)
at org.testng.remote.AbstractRemoteTestNG.run(AbstractRemoteTestNG.java:114)
at org.testng.remote.RemoteTestNG.initAndRun(RemoteTestNG.java:251)
at org.testng.remote.RemoteTestNG.main(RemoteTestNG.java:77)
]]>
    </failure>
  </testcase> <!-- @BeforeTest applicationLaunch -->
  <testcase name="@BeforeTest applicationLaunch" time="0.0" classname="VW_TC.TC0006_login_With_Partner_Enhanced_User">
    <skipped/>
  </testcase> <!-- @BeforeTest applicationLaunch -->
  <testcase name="@BeforeTest applicationLaunch" time="0.0" classname="VW_TC.TC0007_login_With_Partner_User">
    <skipped/>
  </testcase> <!-- @BeforeTest applicationLaunch -->
  <testcase name="@BeforeTest applicationLaunch" time="0.0" classname="VW_TC.TC0008_login_With_Client_OR_Partner_Client_Custmer_Admin">
    <skipped/>
  </testcase> <!-- @BeforeTest applicationLaunch -->
  <testcase name="@BeforeTest applicationLaunch" time="0.0" classname="VW_TC.TC0009_login_With_Client_OR_Partner_Client_Developer">
    <skipped/>
  </testcase> <!-- @BeforeTest applicationLaunch -->
  <testcase name="@BeforeTest applicationLaunch" time="0.0" classname="VW_TC.TC0010_login_With_Client_OR_Partner_Client_Enhanced_User">
    <skipped/>
  </testcase> <!-- @BeforeTest applicationLaunch -->
  <testcase name="@BeforeTest applicationLaunch" time="0.0" classname="VW_TC.TC0011_login_With_Client_OR_Partner_Client_User">
    <skipped/>
  </testcase> <!-- @BeforeTest applicationLaunch -->
  <testcase name="@BeforeTest initializer" time="0.0" classname="VW_TC.TC0012_Dashboard">
    <skipped/>
  </testcase> <!-- @BeforeTest initializer -->
  <testcase name="@BeforeTest navigateToAllLinks" time="0.0" classname="VW_TC.linktest">
    <skipped/>
  </testcase> <!-- @BeforeTest navigateToAllLinks -->
  <testcase name="@BeforeTest navigateToAllLinks" time="0.0" classname="VW_TC.location">
    <skipped/>
  </testcase> <!-- @BeforeTest navigateToAllLinks -->
  <testcase name="@AfterTest applicationClose" time="0.0" classname="VW_TC.TC0000_Debug_Testing">
    <skipped/>
  </testcase> <!-- @AfterTest applicationClose -->
  <testcase name="@AfterTest applicationClose" time="0.0" classname="VW_TC.TC0000_Debug_Testing1">
    <skipped/>
  </testcase> <!-- @AfterTest applicationClose -->
  <testcase name="@AfterTest applicationClose" time="0.0" classname="VW_TC.TC0001_login_Page_Verification">
    <skipped/>
  </testcase> <!-- @AfterTest applicationClose -->
  <testcase name="@AfterTest applicationClose" time="0.0" classname="VW_TC.TC0002_login_With_Exmpirix_Admin">
    <skipped/>
  </testcase> <!-- @AfterTest applicationClose -->
  <testcase name="@AfterTest applicationClose" time="0.0" classname="VW_TC.TC0003_login_With_Empirix_Business_Analyst">
    <skipped/>
  </testcase> <!-- @AfterTest applicationClose -->
  <testcase name="@AfterTest applicationClose" time="0.0" classname="VW_TC.TC0004_login_With_Partner_Customer_Admin">
    <skipped/>
  </testcase> <!-- @AfterTest applicationClose -->
  <testcase name="@AfterTest applicationClose" time="0.0" classname="VW_TC.TC0005_login_With_Partner_Developer">
    <skipped/>
  </testcase> <!-- @AfterTest applicationClose -->
  <testcase name="@AfterTest applicationClose" time="0.0" classname="VW_TC.TC0006_login_With_Partner_Enhanced_User">
    <skipped/>
  </testcase> <!-- @AfterTest applicationClose -->
  <testcase name="@AfterTest applicationClose" time="0.0" classname="VW_TC.TC0007_login_With_Partner_User">
    <skipped/>
  </testcase> <!-- @AfterTest applicationClose -->
  <testcase name="@AfterTest applicationClose" time="0.0" classname="VW_TC.TC0008_login_With_Client_OR_Partner_Client_Custmer_Admin">
    <skipped/>
  </testcase> <!-- @AfterTest applicationClose -->
  <testcase name="@AfterTest applicationClose" time="0.0" classname="VW_TC.TC0009_login_With_Client_OR_Partner_Client_Developer">
    <skipped/>
  </testcase> <!-- @AfterTest applicationClose -->
  <testcase name="@AfterTest applicationClose" time="0.0" classname="VW_TC.TC0010_login_With_Client_OR_Partner_Client_Enhanced_User">
    <skipped/>
  </testcase> <!-- @AfterTest applicationClose -->
  <testcase name="@AfterTest applicationClose" time="0.0" classname="VW_TC.TC0011_login_With_Client_OR_Partner_Client_User">
    <skipped/>
  </testcase> <!-- @AfterTest applicationClose -->
  <testcase name="basePageLoginValidation" time="0.0" classname="VW_TC.TC0012_Dashboard">
    <skipped/>
  </testcase> <!-- basePageLoginValidation -->
  <testcase name="feature" time="0.0" classname="cucumber.api.testng.AbstractTestNGCucumberTests">
    <skipped/>
  </testcase> <!-- feature -->
</testsuite> <!-- Default test -->
