<?xml version="1.0" encoding="UTF-8"?>
<!-- Generated by org.testng.reporters.JUnitXMLReporter -->
<testsuite hostname="REM-L-SINGHH" ignored="0" name="Test Case: 002- Login with Expirix Admin and Page Verification " tests="2" failures="1" timestamp="14 Sep 2019 15:06:31 GMT" time="193.338" errors="0">
  <testcase name="feature" time="30.014" classname="cucumber.api.testng.AbstractTestNGCucumberTests"/>
  <testcase name="feature" time="163.257" classname="cucumber.api.testng.AbstractTestNGCucumberTests">
    <failure type="cucumber.runtime.CucumberException" message="java.lang.NullPointerException">
      <![CDATA[cucumber.runtime.CucumberException: java.lang.NullPointerException
at cucumber.api.testng.TestNGCucumberRunner.runCucumber(TestNGCucumberRunner.java:69)
at cucumber.api.testng.AbstractTestNGCucumberTests.feature(AbstractTestNGCucumberTests.java:21)
Caused by: java.lang.NullPointerException
at stepDefinations.SD0002_login_With_Empirix_Admin.logInWithExpirixAdmin(SD0002_login_With_Empirix_Admin.java:46)
at âœ½.When Login with username and password(features/F0002_login_With_Empirix_Admin.feature:6)
... Removed 25 stack frames]]>
    </failure>
  </testcase> <!-- feature -->
</testsuite> <!-- Test Case: 002- Login with Expirix Admin and Page Verification  -->
