<?xml version="1.0" encoding="UTF-8"?>
<!-- Generated by org.testng.reporters.JUnitXMLReporter -->
<testsuite hostname="REM-L-SINGHH" ignored="0" name="Test Case: 001- Login Page Verification " tests="1" failures="0" timestamp="29 Oct 2019 19:14:07 GMT" time="0.068" errors="0">
  <testcase name="@BeforeClass setUpClass" time="0.041" classname="cucumber.api.testng.AbstractTestNGCucumberTests">
    <failure type="cucumber.runtime.CucumberException" message="Unknown option: --tag">
      <![CDATA[cucumber.runtime.CucumberException: Unknown option: --tag
at cucumber.runtime.RuntimeOptions.parse(RuntimeOptions.java:148)
at cucumber.runtime.RuntimeOptions.<init>(RuntimeOptions.java:89)
at cucumber.runtime.RuntimeOptions.<init>(RuntimeOptions.java:78)
at cucumber.runtime.RuntimeOptions.<init>(RuntimeOptions.java:70)
at cucumber.runtime.RuntimeOptionsFactory.create(RuntimeOptionsFactory.java:25)
at cucumber.api.testng.TestNGCucumberRunner.<init>(TestNGCucumberRunner.java:37)
at cucumber.api.testng.AbstractTestNGCucumberTests.setUpClass(AbstractTestNGCucumberTests.java:16)
... Removed 30 stack frames]]>
    </failure>
  </testcase> <!-- @BeforeClass setUpClass -->
  <testcase name="@AfterClass tearDownClass" time="0.004" classname="cucumber.api.testng.AbstractTestNGCucumberTests">
    <failure type="java.lang.NullPointerException">
      <![CDATA[java.lang.NullPointerException
at cucumber.api.testng.AbstractTestNGCucumberTests.tearDownClass(AbstractTestNGCucumberTests.java:34)
... Removed 30 stack frames]]>
    </failure>
  </testcase> <!-- @AfterClass tearDownClass -->
  <testcase name="feature" time="0.0" classname="cucumber.api.testng.AbstractTestNGCucumberTests">
    <skipped/>
  </testcase> <!-- feature -->
</testsuite> <!-- Test Case: 001- Login Page Verification  -->
